app/build/intermediates/manifest_merge_blame_file/release/processReleaseMainManifest/manifest-merger-blame-release-report.txt
1<?xml version="1.0" encoding="utf-8"?>
2<manifest xmlns:android="http://schemas.android.com/apk/res/android"
3    package="br.com.liberdadefinanceira.corrida"
4    android:versionCode="1"
5    android:versionName="1.0.0" >
6
7    <uses-sdk
8        android:minSdkVersion="23"
9        android:targetSdkVersion="36" />
10
11    <application
11-->src/main/AndroidManifest.xml:2:5-17:19
12        android:allowBackup="true"
12-->src/main/AndroidManifest.xml:3:9-35
13        android:extractNativeLibs="false"
14        android:icon="@drawable/ic_launcher"
14-->src/main/AndroidManifest.xml:5:9-45
15        android:label="Corrida pela Liberdade Financeira"
15-->src/main/AndroidManifest.xml:4:9-58
16        android:theme="@style/AppTheme"
16-->src/main/AndroidManifest.xml:6:9-40
17        android:usesCleartextTraffic="false" >
17-->src/main/AndroidManifest.xml:7:9-45
18        <activity
18-->src/main/AndroidManifest.xml:8:9-16:20
19            android:name="br.com.liberdadefinanceira.corrida.MainActivity"
19-->src/main/AndroidManifest.xml:9:13-41
20            android:exported="true"
20-->src/main/AndroidManifest.xml:11:13-36
21            android:screenOrientation="portrait" >
21-->src/main/AndroidManifest.xml:10:13-49
22            <intent-filter>
22-->src/main/AndroidManifest.xml:12:13-15:29
23                <action android:name="android.intent.action.MAIN" />
23-->src/main/AndroidManifest.xml:13:17-69
23-->src/main/AndroidManifest.xml:13:25-66
24
25                <category android:name="android.intent.category.LAUNCHER" />
25-->src/main/AndroidManifest.xml:14:17-77
25-->src/main/AndroidManifest.xml:14:27-74
26            </intent-filter>
27        </activity>
28    </application>
29
30</manifest>